Start testing: Apr 12 03:27 +04
----------------------------------------------------------
1/1 Testing: nuni1
1/1 Test: nuni1
Command: "/home/nurlan/Desktop/EXAMM/bin/nuni"
Directory: /home/nurlan/Desktop/EXAMM/build
"nuni1" start time: Apr 12 03:27 +04
Output:
----------------------------------------------------------


     CUnit - A unit testing framework for C - Version 2.1-3
     http://cunit.sourceforge.net/



Run Summary:    Type  Total    Ran Passed Failed Inactive
              suites      1      1    n/a      0        0
               tests      1      1      1      0        0
             asserts      3      3      3      0      n/a

Elapsed time =    0.000 seconds
<end of output>
Test time =   0.01 sec
----------------------------------------------------------
Test Passed.
"nuni1" end time: Apr 12 03:27 +04
"nuni1" time elapsed: 00:00:00
----------------------------------------------------------

End testing: Apr 12 03:27 +04
